SF:lib/entities/recording_entity.dart
DA:33,1
LF:1
LH:1
end_of_record
SF:lib/utilities/id_generator.dart
DA:4,1
DA:5,1
DA:7,1
DA:8,1
DA:9,1
DA:11,2
DA:12,2
DA:13,1
DA:15,1
LF:9
LH:9
end_of_record
SF:lib/view_models/recording_view_model.dart
DA:43,1
DA:48,3
DA:49,1
DA:50,1
DA:53,1
DA:55,2
DA:56,0
DA:58,2
DA:61,2
DA:62,1
DA:64,1
DA:74,2
DA:75,1
DA:78,0
DA:79,0
DA:81,0
DA:82,0
DA:84,0
DA:86,0
DA:89,0
DA:90,0
DA:91,0
DA:99,0
DA:101,0
DA:102,0
DA:103,0
DA:104,0
DA:105,0
DA:106,0
DA:107,0
DA:108,0
DA:109,0
DA:110,0
DA:111,0
DA:112,0
DA:113,0
DA:115,0
DA:117,0
DA:120,0
DA:121,0
DA:122,0
DA:125,0
DA:126,0
DA:127,0
DA:129,0
DA:131,0
DA:134,0
DA:135,0
DA:136,0
DA:139,0
DA:140,0
DA:141,0
DA:142,0
DA:143,0
DA:144,0
DA:145,0
DA:146,0
DA:147,0
DA:148,0
DA:151,0
DA:152,0
DA:154,0
DA:155,0
DA:156,0
DA:157,0
DA:159,0
DA:161,0
DA:162,0
DA:163,0
DA:164,0
DA:166,0
DA:169,0
DA:172,0
DA:173,0
DA:174,0
DA:176,0
DA:177,0
DA:178,0
DA:180,0
DA:183,0
DA:184,0
DA:187,0
DA:188,0
DA:189,0
DA:193,0
DA:194,0
DA:195,0
DA:196,0
DA:197,0
DA:198,0
DA:200,0
DA:201,0
DA:203,0
DA:204,0
DA:207,0
DA:208,0
DA:211,1
DA:212,2
DA:213,0
DA:214,0
DA:215,0
DA:216,0
LF:102
LH:14
end_of_record
SF:lib/utilities/dependencies.dart
DA:7,3
DA:9,1
DA:11,2
DA:12,3
DA:16,3
DA:17,3
DA:18,1
DA:21,2
DA:22,2
DA:23,1
LF:10
LH:10
end_of_record
SF:lib/views/recording_view.dart
DA:8,1
DA:10,1
DA:11,1
DA:17,1
DA:19,1
DA:21,2
DA:24,1
DA:25,1
DA:26,1
DA:27,1
DA:38,1
DA:39,1
DA:42,1
DA:43,1
DA:45,1
DA:47,1
DA:48,1
DA:49,1
DA:55,1
DA:56,1
DA:58,1
DA:59,1
DA:60,1
DA:63,1
DA:64,1
DA:68,1
DA:70,2
DA:74,1
DA:75,1
DA:77,1
DA:82,1
DA:83,1
DA:85,2
DA:86,1
DA:90,1
DA:94,1
DA:95,1
DA:96,1
DA:97,1
DA:105,1
DA:106,1
DA:109,1
DA:110,1
DA:111,1
DA:112,2
DA:116,1
DA:119,1
DA:120,1
DA:122,1
DA:123,2
DA:127,1
DA:130,1
DA:131,1
DA:133,1
DA:134,2
DA:138,1
DA:141,1
DA:142,1
DA:143,1
DA:144,2
DA:148,1
DA:151,1
DA:152,1
DA:153,1
DA:154,2
DA:158,1
DA:161,1
DA:162,1
DA:163,1
DA:164,2
DA:180,1
DA:181,1
DA:182,1
DA:183,1
DA:184,1
DA:187,1
DA:188,1
DA:189,1
DA:191,1
DA:192,1
DA:193,1
DA:197,1
DA:198,0
DA:200,0
DA:201,0
DA:214,1
DA:215,1
DA:216,1
DA:217,1
DA:218,1
DA:220,1
DA:221,1
DA:222,1
DA:223,1
DA:225,1
LF:95
LH:92
end_of_record
SF:lib/database.g.dart
DA:13,1
DA:14,1
DA:19,0
DA:20,0
DA:24,1
DA:33,0
DA:34,0
DA:39,0
DA:40,0
DA:45,1
DA:46,1
DA:47,3
DA:49,1
DA:50,2
DA:52,1
DA:53,1
DA:60,1
DA:61,2
DA:66,1
DA:71,1
DA:73,1
DA:74,1
DA:75,0
DA:77,1
DA:78,0
DA:80,0
DA:81,0
DA:84,0
DA:86,0
DA:87,0
DA:90,0
DA:93,2
DA:96,1
DA:98,4
DA:103,1
DA:106,1
DA:107,1
DA:110,0
DA:111,0
DA:112,0
DA:114,0
DA:115,0
DA:116,0
DA:117,0
DA:118,0
DA:119,0
DA:120,0
DA:121,0
DA:122,0
DA:125,1
DA:128,1
DA:129,0
DA:130,0
DA:131,0
DA:133,0
DA:134,0
DA:135,0
DA:136,0
DA:137,0
DA:138,0
DA:139,0
DA:140,0
DA:141,0
DA:144,1
DA:147,1
DA:148,0
DA:149,0
DA:150,0
DA:152,0
DA:153,0
DA:154,0
DA:155,0
DA:156,0
DA:157,0
DA:158,0
DA:159,0
DA:160,0
DA:176,0
DA:178,0
DA:179,0
DA:180,0
DA:181,0
DA:182,0
DA:183,0
DA:184,0
DA:185,0
DA:186,0
DA:187,0
DA:188,0
DA:189,0
DA:190,0
DA:193,0
DA:195,0
DA:197,0
DA:198,0
DA:199,0
DA:200,0
DA:201,0
DA:202,0
DA:203,0
DA:204,0
DA:205,0
DA:206,0
DA:207,0
DA:208,0
DA:209,0
DA:214,0
DA:216,0
DA:220,0
DA:222,0
DA:225,0
DA:227,0
DA:232,0
LF:113
LH:27
end_of_record
SF:lib/utilities/datetime_converter.dart
DA:4,0
DA:6,0
DA:9,0
DA:11,0
LF:4
LH:0
end_of_record
